<?xml version="1.0" encoding="UTF-8"?>
<!-- Generated by org.testng.reporters.JUnitXMLReporter -->
<testsuite hostname="hydws72702" ignored="0" name="ChromeTest" tests="2" failures="2" timestamp="27 Feb 2019 06:31:11 GMT" time="21.411" errors="0">
  <testcase name="takeScreenshot" time="4.716" classname="memdesk12.Screenshots">
    <failure type="java.lang.AssertionError" message="String is not matched expected [learn] but found [[[ChromeDriver: chrome on XP (cc4a39ce084d0e174d7dd4b44fa152bc)] -&amp;gt; id: identifierId]]">
      <![CDATA[java.lang.AssertionError: String is not matched expected [learn] but found [[[ChromeDriver: chrome on XP (cc4a39ce084d0e174d7dd4b44fa152bc)] -> id: identifierId]]
at memdesk12.Screenshots.takeScreenshot(Screenshots.java:29)
... Removed 29 stack frames]]>
    </failure>
  </testcase> <!-- takeScreenshot -->
  <testcase name="takeScreenshot1" time="0.021" classname="memdesk12.Screenshots">
    <failure type="java.lang.AssertionError" message="String is not matched expected [Gogle] but found [Google]">
      <![CDATA[java.lang.AssertionError: String is not matched expected [Gogle] but found [Google]
at memdesk12.Screenshots.takeScreenshot1(Screenshots.java:35)
... Removed 30 stack frames]]>
    </failure>
  </testcase> <!-- takeScreenshot1 -->
</testsuite> <!-- ChromeTest -->
